s,t
90,388
90,22
90,463
90,388
90,22
90,463
168,388
168,463
168,706
168,121
1563,388
1563,645
1563,801
232,645
232,801
820,645
1295,388
1295,22
1295,463
536,463
1576,645
1576,463
347,812
347,637
347,801
347,648
481,812
481,645
481,801
481,928
286,898
286,645
286,928
449,898
449,645
449,928
28,898
28,645
28,928
1343,898
1343,645
1343,928
296,898
296,645
296,928
24,898
24,928
288,898
288,928
96,898
96,913
96,928
607,898
607,913
607,915
607,928
981,801
66,218
66,436
66,22
1222,218
1222,436
1165,645
1165,218
1165,801
1028,218
1028,742
1028,327
1292,742
1292,801
458,742
458,801
436,742
436,801
259,742
259,801
290,742
290,801
694,742
694,801
391,742
391,801
1252,742
1252,327
1105,742
1105,797
1105,327
191,645
40,645
40,423
230,463
293,463
41,645
35,423
506,645
506,691
506,468
1345,423
406,423
176,423
685,574
1034,423
1034,574
1030,423
1030,574
1098,574
1098,574
1098,592
1032,423
1032,574
1031,423
1031,574
1006,423
1006,574
1156,423
1156,574
1157,423
1157,574
1033,423
1033,574
1453,423
1453,574
1453,930
1387,423
1387,574
1387,930
1281,423
1281,574
1281,930
1388,423
1388,574
1388,930
1282,423
1282,574
1282,930
1280,423
1280,574
1280,930
1389,423
1389,574
1389,930
1391,423
1391,574
1391,930
1392,423
1392,574
1392,930
1390,423
1390,574
1390,930
182,423
182,574
182,930
531,423
531,574
531,930
1475,423
1475,574
1475,930
1043,423
1043,574
1043,930
502,423
502,574
502,930
1549,423
1549,574
1549,930
1580,423
1580,574
1580,930
1489,423
1489,574
1489,930
1490,423
1490,574
1490,930
1488,423
1488,574
1488,930
1582,423
1582,574
1582,930
1584,423
1584,574
1584,930
1584,592
1581,423
1581,574
1581,930
1583,423
1583,574
1583,930
1585,423
1585,574
1585,930
1492,423
1492,574
1492,930
1492,423
1492,574
1492,930
1494,423
1494,574
1494,930
1494,592
1493,423
1493,574
1493,930
1493,592
1491,423
1491,574
1491,930
1491,592
1586,423
1586,574
1586,930
1586,592
1587,423
1587,574
1587,930
1587,592
1158,423
1158,574
653,423
653,574
1159,423
1159,574
1284,423
1284,574
1284,930
1286,423
1286,574
1286,930
1286,592
1285,423
1285,574
1285,930
1285,592
1283,423
1283,574
1283,930
1367,423
1367,574
1367,930
1394,423
1394,574
1394,930
1454,423
1454,574
1454,930
1454,592
1393,423
1393,574
1393,930
1393,592
1495,423
1495,574
1495,930
1495,592
1495,737
1496,423
1496,574
1496,930
1496,592
1496,737
1589,423
1589,574
1589,930
1589,592
1589,737
1588,423
1588,574
1588,930
1588,592
1588,737
1591,691
1591,423
1591,574
1591,930
1591,592
1591,737
1590,691
1590,423
1590,574
1590,930
1590,592
1590,737
1592,691
1592,423
1592,574
1592,859
1592,930
1592,592
1592,737
1593,691
1593,423
1593,574
1593,859
1593,930
1593,592
1593,737
1595,691
1595,574
1595,859
1595,930
1595,592
1595,468
1595,737
1594,691
1594,574
1594,859
1594,930
1594,592
1594,468
1594,737
1291,691
1291,930
1291,592
1291,468
1599,691
1599,859
1599,592
1599,468
1599,737
1599,810
1600,691
1600,859
1600,592
1600,468
1600,737
1600,810
1597,691
1597,859
1597,930
1597,592
1597,468
1597,737
1598,691
1598,859
1598,930
1598,592
1598,468
1598,737
1596,691
1596,859
1596,930
1596,592
1596,468
1596,737
319,865
319,148
319,691
319,333
319,928
319,859
319,468
319,865
319,148
319,691
319,333
319,928
319,859
319,468
1162,865
1162,148
1162,691
1162,333
1162,928
1162,859
1162,468
794,865
794,148
794,691
794,333
794,928
794,859
794,468
879,865
879,148
879,691
879,333
879,928
879,859
879,468
793,865
793,148
793,691
793,333
793,928
793,859
793,468
827,865
827,148
827,691
827,333
827,928
827,859
827,468
761,865
761,148
761,691
761,333
761,859
761,468
826,865
826,148
826,691
826,333
826,859
826,468
718,865
718,148
718,691
718,915
718,333
718,859
718,468
719,865
719,148
719,691
719,915
719,333
719,859
719,468
828,865
828,148
828,691
828,333
828,859
828,468
795,865
795,148
795,691
795,333
795,859
795,468
762,865
762,148
762,691
762,333
762,859
762,468
830,865
830,148
830,691
830,333
830,859
830,468
829,865
829,148
829,691
829,333
829,859
829,468
829,865
829,148
829,691
829,333
829,859
829,468
831,865
831,148
831,691
831,333
831,859
831,468
985,865
985,148
985,691
985,333
985,928
985,859
985,592
985,468
1044,865
1044,148
1044,691
1044,859
1044,592
1044,468
1046,865
1046,148
1046,691
1046,859
1046,592
1046,468
925,865
925,148
925,691
925,333
925,859
925,592
925,468
1045,865
1045,148
1045,691
1045,859
1045,592
1045,468
1045,865
1045,148
1045,691
1045,928
1045,859
1045,592
1045,468
1047,865
1047,148
1047,691
1047,859
1047,592
1047,468
926,865
926,148
926,691
926,859
926,592
926,468
926,865
926,148
926,691
926,333
926,859
926,592
926,468
1049,865
1049,148
1049,691
1049,859
1049,592
1049,468
927,865
927,148
927,691
927,333
927,859
927,592
927,468
927,940
1050,865
1050,148
1050,691
1050,859
1050,592
1050,468
1048,865
1048,148
1048,691
1048,859
1048,592
1048,468
1051,865
1051,148
1051,691
1051,859
1051,592
1051,468
1051,940
928,865
928,148
928,691
928,333
928,859
928,592
928,468
928,940
929,865
929,148
929,691
929,333
929,859
929,592
929,468
930,865
930,148
930,691
930,333
930,859
930,592
930,468
1018,865
1018,148
1018,691
1018,859
1018,592
1018,468
1018,940
1102,865
1102,148
1102,691
1102,859
1102,592
1102,468
987,865
987,148
987,691
987,859
987,592
987,468
1053,865
1053,148
1053,691
1053,859
1053,592
1053,468
1017,865
1017,148
1017,691
1017,859
1017,592
1017,468
1017,940
986,865
986,148
986,691
986,859
986,592
986,468
1052,865
1052,148
1052,691
1052,859
1052,592
1052,468
1565,691
1565,930
1565,592
1565,468
1565,737
1566,691
1566,930
1566,592
1566,468
1566,737
1499,691
1499,859
1499,592
1499,468
1499,737
1499,810
1552,691
1552,859
1552,592
1552,468
1552,737
1552,810
1601,148
1601,691
1601,678
1601,859
1601,592
1601,468
1601,737
1601,810
1602,148
1602,691
1602,678
1602,859
1602,592
1602,468
1602,737
1602,810
1501,148
1501,691
1501,678
1501,859
1501,592
1501,468
1501,737
1501,810
1500,691
1500,859
1500,592
1500,468
1500,737
1500,810
1502,148
1502,691
1502,859
1502,592
1502,468
1502,737
1502,810
1604,148
1604,691
1604,678
1604,859
1604,592
1604,468
1604,940
1604,737
1604,810
1603,148
1603,691
1603,678
1603,859
1603,592
1603,468
1603,940
1603,737
1603,810
1168,148
1168,691
1168,859
1168,592
1168,468
1168,810
1167,148
1167,691
1167,678
1167,859
1167,592
1167,468
1167,810
1348,148
1348,691
1348,678
1348,859
1348,592
1348,468
1348,810
1294,148
1294,691
1294,678
1294,859
1294,592
1294,468
1294,810
1296,148
1296,691
1296,678
1296,859
1296,592
1296,468
1296,810
1297,148
1297,691
1297,678
1297,859
1297,592
1297,468
1297,810
1402,148
1402,691
1402,859
1402,592
1402,468
1402,810
1400,148
1400,691
1400,859
1400,592
1400,468
1400,737
1400,810
1400,148
1400,691
1400,859
1400,592
1400,468
1400,810
1503,148
1503,691
1503,678
1503,859
1503,592
1503,468
1503,737
1503,810
1403,148
1403,691
1403,678
1403,859
1403,592
1403,468
1403,940
1403,810
1401,148
1401,691
1401,678
1401,859
1401,592
1401,468
1401,810
1504,148
1504,691
1504,678
1504,859
1504,592
1504,468
1504,737
1504,810
1606,148
1606,691
1606,678
1606,859
1606,592
1606,468
1606,737
1606,810
1605,148
1605,691
1605,678
1605,859
1605,592
1605,468
1605,737
1605,810
1170,148
1170,691
1170,678
1170,859
1170,592
1170,468
1170,810
1170,148
1170,691
1170,678
1170,859
1170,592
1170,468
1170,810
1172,148
1172,691
1172,678
1172,859
1172,592
1172,468
1172,810
1171,148
1171,691
1171,678
1171,859
1171,592
1171,468
1171,810
1169,148
1169,691
1169,678
1169,859
1169,592
1169,468
1169,810
1169,148
1169,691
1169,678
1169,859
1169,592
1169,468
1169,810
1302,148
1302,691
1302,678
1302,859
1302,592
1302,468
1302,810
1299,148
1299,691
1299,678
1299,859
1299,592
1299,468
1299,810
1300,148
1300,691
1300,678
1300,859
1300,592
1300,468
1300,810
1301,148
1301,691
1301,678
1301,859
1301,592
1301,468
1301,810
1298,148
1298,691
1298,678
1298,859
1298,592
1298,468
1298,940
1298,810
1349,148
1349,691
1349,678
1349,859
1349,592
1349,468
1349,810
1223,148
1223,691
1223,859
1223,592
1223,468
1223,810
1303,148
1303,691
1303,678
1303,859
1303,592
1303,468
1303,810
1404,148
1404,691
1404,678
1404,859
1404,592
1404,468
1404,940
1404,810
1406,148
1406,691
1406,678
1406,859
1406,592
1406,468
1406,7
1406,940
1406,810
1405,148
1405,691
1405,678
1405,859
1405,592
1405,468
1405,7
1405,940
1405,737
1405,810
1405,148
1405,691
1405,678
1405,859
1405,592
1405,468
1405,7
1405,940
1405,810
1507,148
1507,691
1507,678
1507,859
1507,592
1507,468
1507,940
1507,737
1507,810
1508,148
1508,691
1508,678
1508,859
1508,592
1508,468
1508,7
1508,940
1508,737
1508,810
1505,148
1505,691
1505,678
1505,859
1505,592
1505,468
1505,737
1505,810
1407,148
1407,691
1407,678
1407,859
1407,592
1407,468
1407,810
1408,148
1408,691
1408,678
1408,859
1408,592
1408,468
1408,810
1509,148
1509,691
1509,678
1509,859
1509,592
1509,468
1509,737
1509,810
1459,148
1459,691
1459,678
1459,859
1459,592
1459,468
1459,810
1510,148
1510,691
1510,678
1510,859
1510,592
1510,468
1510,737
1510,810
1506,148
1506,691
1506,678
1506,859
1506,592
1506,468
1506,737
1506,810
1607,148
1607,691
1607,678
1607,859
1607,592
1607,468
1607,7
1607,940
1607,737
1607,810
1608,148
1608,691
1608,678
1608,859
1608,592
1608,468
1608,737
1608,810
1610,148
1610,691
1610,678
1610,859
1610,592
1610,468
1610,737
1610,810
1609,148
1609,691
1609,678
1609,592
1609,468
1609,737
1609,810
346,637
346,648
346,288
346,2
511,637
511,648
511,288
511,2
260,637
260,648
260,288
260,2
399,974
399,876
540,974
540,876
540,613
923,637
923,648
923,974
923,288
876,637
876,974
876,288
876,613
876,2
342,637
342,919
342,288
342,613
342,2
411,742
411,761
411,590
411,797
411,2
1039,742
1039,761
1039,590
1039,797
1039,425
1039,523
55,742
55,761
55,590
55,797
55,523
193,742
193,761
193,797
193,425
193,523
567,761
567,288
567,2
877,761
877,288
877,523
877,2
203,742
203,761
203,590
203,797
203,425
203,523
144,742
144,761
144,590
144,797
144,425
144,523
457,761
457,425
457,523
1015,761
1015,425
1015,523
309,898
309,915
309,928
304,898
304,928
787,915
787,928
1004,915
1004,928
452,915
452,928
313,915
313,928
435,974
435,928
996,974
996,876
996,915
996,928
611,974
611,876
611,915
611,928
464,974
464,876
464,915
33,876
33,915
33,928
57,876
57,915
80,876
80,915
101,876
101,915
954,148
954,515
954,353
954,250
954,7
954,968
953,148
953,515
953,353
953,250
953,7
953,968
953,148
953,515
953,353
953,250
953,7
953,968
1077,148
1077,515
1077,353
1077,7
1077,968
1192,148
1192,515
1192,353
1192,7
1192,968
1076,148
1076,515
1076,353
1076,250
1076,7
1076,968
1193,148
1193,515
1193,353
1193,7
1193,968
1323,148
1323,515
1323,678
1323,353
1323,250
1323,7
1323,968
1324,148
1324,515
1324,678
1324,353
1324,7
1324,968
688,865
688,148
688,691
688,915
688,333
688,859
688,468
720,865
720,148
720,691
720,333
720,859
720,468
721,865
721,148
721,691
721,915
721,333
721,859
721,468
654,865
654,148
654,691
654,915
654,333
654,859
654,468
724,865
724,148
724,691
724,915
724,333
724,859
724,468
687,865
687,148
687,691
687,915
687,333
687,859
687,468
500,865
500,148
500,915
500,333
500,859
689,865
689,148
689,691
689,915
689,333
689,859
689,468
723,865
723,148
723,691
723,915
723,333
723,859
723,468
722,865
722,148
722,691
722,915
722,333
722,859
722,468
725,865
725,148
725,691
725,915
725,333
725,859
725,468
476,865
476,148
476,915
476,333
476,928
476,859
501,865
501,148
501,915
501,333
501,928
501,859
623,865
623,148
623,691
623,915
623,333
623,859
623,468
1243,865
1243,148
1243,915
1243,333
1243,859
1243,353
625,865
625,148
625,691
625,915
625,333
625,859
625,468
625,353
624,865
624,148
624,915
624,333
624,859
624,468
624,353
622,865
622,148
622,691
622,915
622,333
622,859
622,468
729,865
729,148
729,915
729,333
729,859
729,468
730,865
730,148
730,915
730,333
730,859
730,468
832,865
832,148
832,691
832,333
832,859
832,468
834,865
834,148
834,691
834,333
834,859
834,468
931,865
931,148
931,691
931,333
931,859
931,592
931,468
835,865
835,148
835,691
835,333
835,859
835,468
934,865
934,148
934,691
934,333
934,859
934,468
880,865
880,148
880,691
880,333
880,859
880,468
833,865
833,148
833,691
833,333
833,859
833,468
932,865
932,148
932,691
932,333
932,859
932,592
932,468
988,865
988,148
988,691
988,859
988,592
988,468
837,865
837,148
837,691
837,333
837,859
837,468
836,865
836,148
836,691
836,333
836,859
836,468
936,865
936,148
936,691
936,333
936,859
936,468
839,865
839,148
839,691
839,333
839,859
839,468
933,865
933,148
933,691
933,333
933,859
933,468
935,865
935,148
935,691
935,333
935,859
935,468
727,865
727,148
727,691
727,915
727,333
727,859
727,468
726,865
726,148
726,691
726,915
726,333
726,859
726,468
763,865
763,148
763,691
763,333
763,859
763,468
728,865
728,148
728,691
728,333
728,859
728,468
728,865
728,148
728,691
728,915
728,333
728,859
728,468
796,865
796,148
796,691
796,333
796,859
796,468
838,865
838,148
838,691
838,333
838,859
838,468
841,865
841,148
841,691
841,333
841,859
841,468
840,865
840,148
840,333
840,859
840,468
938,865
938,148
938,691
938,333
938,859
938,468
843,865
843,148
843,691
843,333
843,859
843,468
842,865
842,148
842,691
842,333
842,859
842,468
940,865
940,148
940,691
940,333
940,859
940,468
939,865
939,148
939,691
939,333
939,859
939,468
937,865
937,148
937,691
937,333
937,859
937,468
1063,865
1063,148
1063,691
1063,859
1063,468
503,865
503,148
503,915
503,333
503,859
503,353
587,865
587,148
587,915
587,859
587,353
627,865
627,148
627,915
627,859
627,468
627,353
732,865
732,148
732,915
732,333
732,859
732,468
732,353
731,865
731,148
731,691
731,915
731,333
731,859
731,468
731,353
733,865
733,148
733,915
733,468
733,353
734,865
734,148
734,915
734,468
734,353
507,148
507,915
507,353
507,250
507,148
507,915
507,353
507,250
629,148
629,915
629,353
629,250
628,148
628,915
628,468
628,353
628,250
626,148
626,915
626,468
626,353
626,865
626,148
626,915
626,859
626,468
626,353
735,148
735,915
735,468
735,353
735,250
737,148
737,915
737,468
737,353
737,250
736,148
736,915
736,353
508,148
508,915
508,353
508,250
483,148
483,915
483,353
483,250
588,148
588,515
588,915
588,353
588,250
588,968
509,148
509,915
509,353
510,148
510,515
510,915
510,353
510,250
510,968
548,148
548,515
548,915
548,353
548,250
548,968
630,148
630,915
630,353
630,250
632,148
632,515
632,915
632,353
632,250
631,148
631,515
631,915
631,353
631,250
631,968
739,148
739,515
739,915
739,353
739,968
633,148
633,515
633,915
633,353
633,250
633,968
740,148
740,515
740,915
740,353
740,250
740,968
738,148
738,515
738,915
738,353
738,968
690,148
690,515
690,915
690,353
690,250
690,968
845,865
845,148
845,468
845,353
845,865
845,148
845,691
845,333
845,859
845,468
845,353
847,865
847,148
847,468
847,353
844,865
844,148
844,333
844,859
844,468
844,353
846,865
846,148
846,468
846,353
941,865
941,148
941,859
941,468
941,353
943,865
943,148
943,468
943,353
942,865
942,148
942,468
942,353
942,865
942,148
942,333
942,859
942,468
942,353
944,865
944,148
944,468
944,353
848,148
848,468
848,353
848,250
945,148
945,468
945,353
946,148
946,468
946,353
881,148
881,468
881,353
948,148
948,353
849,148
849,468
849,353
950,148
950,515
950,353
950,968
949,148
949,515
949,353
949,7
949,968
851,148
851,515
851,353
851,968
850,148
850,515
850,353
850,968
947,148
947,353
1071,148
1071,353
1071,250
1071,7
952,148
952,515
952,353
952,7
952,968
951,148
951,515
951,353
951,7
951,968
1055,865
1055,148
1055,691
1055,859
1055,592
1055,468
1056,865
1056,148
1056,691
1056,859
1056,468
1054,865
1054,148
1054,691
1054,859
1054,592
1054,468
1173,148
1173,691
1173,678
1173,859
1173,592
1173,468
1173,810
1175,148
1175,691
1175,678
1175,859
1175,468
1175,810
1174,148
1174,691
1174,678
1174,859
1174,468
1174,810
1174,148
1174,691
1174,678
1174,859
1174,592
1174,468
1174,810
1176,148
1176,691
1176,678
1176,859
1176,468
1176,810
1058,865
1058,148
1058,691
1058,859
1058,468
1059,865
1059,148
1059,691
1059,859
1059,468
1057,865
1057,148
1057,691
1057,859
1057,592
1057,468
1177,148
1177,691
1177,678
1177,859
1177,468
1177,810
1178,148
1178,691
1178,678
1178,859
1178,468
1178,810
1305,148
1305,691
1305,678
1305,859
1305,592
1305,468
1305,810
1304,148
1304,691
1304,678
1304,859
1304,592
1304,468
1304,810
1307,148
1307,691
1307,678
1307,859
1307,468
1307,810
1306,148
1306,691
1306,678
1306,859
1306,468
1306,810
1306,148
1306,691
1306,678
1306,859
1306,468
1306,810
1309,148
1309,691
1309,678
1309,859
1309,468
1309,810
1350,148
1350,691
1350,678
1350,859
1350,468
1350,810
1308,148
1308,691
1308,678
1308,859
1308,468
1308,810
1061,865
1061,148
1061,691
1061,859
1061,468
1060,865
1060,148
1060,691
1060,859
1060,468
1103,865
1103,148
1103,691
1103,859
1103,468
1062,865
1062,148
1062,691
1062,859
1062,468
1064,865
1064,148
1064,691
1064,859
1064,468
1064,353
1064,7
1065,865
1065,148
1065,691
1065,859
1065,468
1065,353
1181,148
1181,691
1181,678
1181,859
1181,468
1181,810
1180,148
1180,691
1180,678
1180,859
1180,468
1180,810
1182,148
1182,691
1182,678
1182,859
1182,468
1182,353
1182,810
1183,148
1183,691
1183,678
1183,859
1183,468
1183,353
1183,810
1179,148
1179,691
1179,678
1179,859
1179,468
1179,810
1179,148
1179,691
1179,678
1179,859
1179,468
1179,810
1255,148
1255,691
1255,859
1255,468
1255,810
1311,148
1311,691
1311,678
1311,859
1311,468
1311,810
1254,148
1254,691
1254,678
1254,859
1254,468
1254,810
1312,148
1312,691
1312,678
1312,859
1312,468
1312,353
1312,7
1312,810
1376,148
1376,691
1376,678
1376,859
1376,468
1376,810
1375,148
1375,691
1375,678
1375,859
1375,468
1375,810
1310,148
1310,691
1310,678
1310,859
1310,468
1310,810
1313,148
1313,691
1313,678
1313,859
1313,468
1313,7
1313,810
1410,148
1410,691
1410,678
1410,859
1410,592
1410,468
1410,810
1409,148
1409,691
1409,678
1409,859
1409,592
1409,468
1409,810
1460,148
1460,691
1460,678
1460,859
1460,592
1460,468
1460,810
1411,148
1411,691
1411,678
1411,859
1411,592
1411,468
1411,810
1413,148
1413,691
1413,678
1413,859
1413,468
1413,7
1413,810
1412,148
1412,691
1412,678
1412,859
1412,592
1412,468
1412,810
1412,148
1412,691
1412,678
1412,859
1412,592
1412,468
1412,810
1461,148
1461,691
1461,678
1461,859
1461,592
1461,468
1461,7
1461,810
1512,148
1512,691
1512,678
1512,859
1512,592
1512,468
1512,7
1512,737
1512,810
1511,148
1511,691
1511,678
1511,859
1511,592
1511,468
1511,7
1511,737
1511,810
1513,148
1513,691
1513,678
1513,859
1513,592
1513,468
1513,7
1513,737
1513,810
1481,148
1481,691
1481,678
1481,859
1481,592
1481,468
1481,737
1481,810
1482,148
1482,691
1482,678
1482,859
1482,592
1482,468
1482,7
1482,737
1482,810
1514,148
1514,691
1514,678
1514,859
1514,592
1514,468
1514,737
1514,810
1612,148
1612,691
1612,678
1612,592
1612,468
1612,7
1612,737
1612,810
1612,148
1612,691
1612,678
1612,592
1612,468
1612,7
1612,737
1612,810
1614,148
1614,691
1614,678
1614,592
1614,468
1614,7
1614,737
1614,534
1614,810
1611,148
1611,691
1611,678
1611,592
1611,468
1611,7
1611,737
1611,534
1611,810
1613,148
1613,691
1613,678
1613,859
1613,592
1613,468
1613,7
1613,737
1613,534
1613,810
1415,148
1415,691
1415,678
1415,859
1415,468
1415,7
1415,810
1416,148
1416,691
1416,678
1416,859
1416,468
1416,7
1416,810
1515,148
1515,691
1515,678
1515,859
1515,468
1515,7
1515,737
1515,810
1414,148
1414,691
1414,678
1414,859
1414,468
1414,7
1414,810
1517,148
1517,691
1517,678
1517,468
1517,7
1517,737
1517,810
1516,148
1516,691
1516,678
1516,859
1516,468
1516,7
1516,737
1516,810
1516,148
1516,691
1516,678
1516,859
1516,468
1516,7
1516,737
1516,810
1518,148
1518,691
1518,678
1518,859
1518,468
1518,7
1518,737
1518,810
1418,148
1418,691
1418,678
1418,859
1418,468
1418,353
1418,7
1418,810
1419,148
1419,691
1419,678
1419,859
1419,468
1419,353
1419,7
1419,810
1417,148
1417,691
1417,678
1417,859
1417,468
1417,353
1417,7
1417,810
1417,148
1417,691
1417,678
1417,859
1417,468
1417,7
1417,810
1519,148
1519,691
1519,678
1519,859
1519,468
1519,353
1519,7
1519,810
1520,148
1520,691
1520,678
1520,859
1520,468
1520,7
1520,810
1616,148
1616,691
1616,678
1616,468
1616,7
1616,737
1616,534
1616,810
1615,148
1615,691
1615,678
1615,468
1615,7
1615,737
1615,534
1615,810
1617,148
1617,691
1617,678
1617,859
1617,468
1617,7
1617,737
1617,534
1617,810
1618,148
1618,691
1618,678
1618,859
1618,468
1618,7
1618,737
1618,534
1618,810
1620,148
1620,691
1620,678
1620,468
1620,353
1620,7
1620,534
1620,810
1619,148
1619,691
1619,678
1619,468
1619,353
1619,7
1619,534
1619,810
1067,865
1067,148
1067,468
1067,353
1067,7
1256,148
1256,691
1256,678
1256,859
1256,468
1256,353
1256,810
1314,148
1314,678
1314,468
1314,353
1314,7
1314,810
1184,148
1184,678
1184,468
1184,353
1184,7
1184,810
1315,148
1315,678
1315,468
1315,7
1315,810
1185,148
1185,678
1185,468
1185,353
1185,7
1185,810
1066,148
1066,468
1066,353
1066,7
1186,148
1186,678
1186,468
1186,353
1186,250
1186,7
1186,810
1187,148
1187,678
1187,468
1187,353
1187,250
1187,7
1187,810
1128,148
1128,468
1128,353
1318,148
1318,678
1318,468
1318,353
1318,250
1318,7
1318,810
1316,148
1316,678
1316,468
1316,353
1316,7
1316,810
1378,148
1378,678
1378,468
1378,353
1378,7
1378,810
1069,148
1069,468
1069,353
1069,250
1069,7
1068,148
1068,353
1068,250
1068,7
1068,148
1068,468
1068,353
1068,250
1068,7
1070,148
1070,353
1070,250
1070,7
1073,148
1073,515
1073,353
1073,250
1073,7
1073,968
1072,148
1072,515
1072,353
1072,7
1072,968
1189,148
1189,515
1189,678
1189,353
1189,250
1189,7
1189,810
1189,968
1317,148
1317,678
1317,353
1317,250
1317,7
1317,810
1319,148
1319,515
1319,678
1319,353
1319,7
1319,810
1319,968
1320,148
1320,678
1320,353
1320,7
1320,810
1320,968
1075,148
1075,515
1075,353
1075,7
1075,968
1074,148
1074,515
1074,353
1074,7
1074,968
1190,148
1190,515
1190,678
1190,353
1190,7
1190,968
1191,148
1191,515
1191,678
1191,353
1191,250
1191,7
1191,968
1188,148
1188,515
1188,678
1188,353
1188,250
1188,7
1188,810
1188,968
1321,148
1321,515
1321,353
1321,7
1321,968
1322,148
1322,678
1322,353
1322,7
1322,968
1377,148
1377,691
1377,678
1377,859
1377,468
1377,353
1377,7
1377,810
1421,148
1421,678
1421,468
1421,353
1421,7
1421,810
1522,148
1522,678
1522,468
1522,353
1522,7
1522,810
1521,148
1521,678
1521,468
1521,353
1521,7
1521,810
1420,148
1420,678
1420,468
1420,353
1420,7
1420,810
1523,148
1523,678
1523,468
1523,353
1523,7
1523,810
1622,148
1622,678
1622,468
1622,353
1622,7
1622,534
1622,810
1623,148
1623,678
1623,468
1623,353
1623,7
1623,534
1623,810
1621,148
1621,678
1621,468
1621,353
1621,7
1621,534
1621,810
1621,148
1621,678
1621,468
1621,353
1621,7
1621,534
1621,810
1624,148
1624,678
1624,468
1624,353
1624,7
1624,534
1624,810
1423,148
1423,678
1423,468
1423,353
1423,7
1423,810
1422,148
1422,678
1422,468
1422,353
1422,7
1422,810
1424,148
1424,678
1424,353
1424,7
1424,810
1525,148
1525,678
1525,353
1525,7
1525,810
1526,148
1526,678
1526,353
1526,7
1526,810
1524,148
1524,678
1524,468
1524,353
1524,7
1524,810
1625,148
1625,678
1625,468
1625,353
1625,7
1625,810
1626,148
1626,678
1626,468
1626,353
1626,7
1626,534
1626,810
1553,148
1553,678
1553,468
1553,353
1553,7
1553,810
1425,148
1425,678
1425,353
1425,7
1425,810
1425,968
1567,148
1567,678
1567,468
1567,353
1567,7
1567,810
1628,148
1628,678
1628,353
1628,7
1628,810
1628,968
1527,148
1527,515
1527,678
1527,353
1527,7
1527,810
1527,968
1528,148
1528,515
1528,678
1528,353
1528,7
1528,810
1528,968
1627,148
1627,678
1627,353
1627,7
1627,810
1627,968
1629,148
1629,678
1629,353
1629,7
1629,810
1426,148
1426,678
1426,353
1426,7
1426,810
1426,968
1428,148
1428,678
1428,353
1428,7
1428,968
1379,148
1379,515
1379,678
1379,353
1379,7
1379,968
1429,148
1429,515
1429,678
1429,353
1429,250
1429,7
1429,968
1430,148
1430,515
1430,678
1430,353
1430,250
1430,7
1430,968
1427,148
1427,515
1427,353
1427,7
1427,148
1427,515
1427,353
1427,250
1427,7
1483,148
1483,678
1483,353
1483,7
1483,968
1529,148
1529,515
1529,678
1529,353
1529,7
1529,968
1530,148
1530,515
1530,678
1530,353
1530,7
1530,968
530,60
530,792
530,634
530,922
530,494
547,60
547,792
456,805
456,60
456,792
456,634
456,922
314,805
314,60
314,792
314,634
314,922
1558,60
1558,792
1558,634
1558,937
1558,922
1558,494
465,60
465,792
465,634
465,937
465,922
465,494
465,143
1568,60
1568,792
1568,634
1568,937
1568,922
1568,494
602,60
602,792
602,634
602,937
602,922
602,494
602,88
643,60
643,792
643,634
643,922
643,494
1442,60
1442,21
1442,792
1442,922
1442,494
1442,88
699,60
699,844
699,583
699,792
699,922
699,494
1005,60
1005,844
1005,583
1005,792
1005,922
1005,494
570,60
570,844
570,21
570,792
570,634
570,922
570,494
570,88
48,60
48,844
48,21
48,583
48,792
48,922
48,494
48,88
741,60
741,844
741,21
741,792
741,922
741,494
741,88
219,60
219,844
219,21
219,649
219,583
219,792
219,922
219,494
219,88
864,60
864,844
864,21
864,792
864,634
864,922
864,494
864,88
550,805
550,60
550,792
550,17
550,634
550,937
550,560
550,922
550,143
621,60
621,792
621,17
621,444
621,634
621,937
621,560
621,922
621,143
527,792
527,444
527,634
527,937
527,560
527,922
443,792
443,444
443,634
443,560
443,922
217,792
217,17
217,532
217,560
87,792
87,17
87,532
87,560
58,17
58,532
58,560
59,792
59,17
59,532
59,560
336,792
336,17
336,532
336,560
336,922
336,792
336,17
336,532
336,560
336,922
1124,792
1124,17
1124,532
1124,560
1124,922
1212,60
1212,792
1212,634
1212,560
1212,922
1212,88
790,844
790,792
790,634
790,560
790,922
893,792
893,17
893,532
893,560
42,792
42,17
42,560
493,792
493,17
493,560
62,844
62,21
62,792
62,17
62,634
62,560
62,922
62,88
64,60
64,21
64,792
64,17
64,634
64,560
64,922
64,88
100,60
100,844
100,21
100,792
100,634
100,560
100,922
100,88
63,60
63,844
63,21
63,792
63,634
63,922
63,88
63,60
63,844
63,21
63,792
63,17
63,634
63,560
63,922
63,88
716,60
716,844
716,21
716,792
716,634
716,922
716,88
170,60
170,844
170,21
170,792
170,17
170,634
170,560
170,922
170,88
196,844
196,21
196,792
196,17
196,634
196,560
196,922
196,88
866,844
866,21
866,792
866,17
866,634
866,560
866,922
866,88
221,60
221,844
221,21
221,649
221,792
221,634
221,922
221,88
112,60
112,844
112,21
112,649
112,792
112,634
112,922
112,88
910,474
910,844
910,649
910,583
910,494
600,474
600,844
600,649
600,583
600,922
600,494
410,60
410,844
410,21
410,649
410,922
410,494
410,88
463,474
463,844
463,649
463,583
463,922
463,494
470,474
470,844
470,21
470,649
470,583
470,922
470,494
470,88
1548,844
1548,21
1548,649
1548,583
1548,922
1548,494
1548,292
1548,88
1542,844
1542,21
1542,649
1542,613
1542,54
1542,583
1542,922
1542,494
1542,715
1542,88
79,474
79,844
79,649
79,54
79,583
79,922
79,494
86,474
86,844
86,649
86,613
86,54
86,583
86,494
479,844
479,21
479,649
479,583
479,922
479,494
479,88
771,844
771,21
771,649
771,613
771,54
771,583
771,922
771,494
771,715
771,88
1462,844
1462,21
1462,649
1462,54
1462,583
1462,922
1462,494
1462,715
1462,292
1462,88
151,474
151,844
151,21
151,649
151,54
151,264
151,715
151,292
151,88
451,649
451,792
451,560
451,922
1095,474
1095,649
1095,560
1095,264
1095,922
71,474
71,844
71,649
71,264
71,292
874,474
874,844
874,649
874,264
874,922
874,292
329,474
329,844
329,649
329,264
329,922
329,292
328,474
328,844
328,649
328,264
328,292
401,474
401,844
401,649
401,264
401,922
401,292
306,805
306,60
306,844
306,21
306,649
306,792
306,634
306,922
306,494
306,88
899,474
899,844
899,649
899,560
899,264
899,922
894,474
894,844
894,21
894,649
894,560
894,264
894,922
894,88
114,474
114,844
114,21
114,649
114,560
114,922
114,88
190,474
190,60
190,844
190,21
190,649
190,634
190,560
190,922
190,88
256,474
256,844
256,21
256,649
256,634
256,264
256,922
256,88
77,474
77,844
77,21
77,649
77,634
77,560
77,264
77,922
77,88
199,474
199,844
199,21
199,649
199,264
199,922
199,292
199,88
871,474
871,844
871,649
871,264
871,922
871,292
45,474
45,844
45,649
45,264
45,292
136,474
136,844
136,649
136,264
136,922
136,292
180,474
180,844
180,649
180,264
180,922
180,292
44,474
44,844
44,649
44,54
44,264
44,292
215,474
215,844
215,649
215,264
215,292
1398,474
1398,844
1398,649
1398,54
1398,264
1398,715
1398,292
1373,474
1373,844
1373,649
1373,264
1373,922
1373,292
1479,474
1479,844
1479,649
1479,54
1479,264
1479,922
1479,715
1479,292
47,474
47,844
47,649
47,54
47,264
47,715
47,292
225,474
225,844
225,649
225,54
225,264
225,715
225,292
283,474
283,844
283,649
283,54
283,264
283,715
283,292
228,474
228,844
228,649
228,54
228,264
228,715
228,292
1457,474
1457,844
1457,649
1457,54
1457,264
1457,715
1457,292
56,474
56,844
56,649
56,54
56,264
56,715
56,292
56,474
56,844
56,649
56,54
56,264
56,715
56,292
1470,474
1470,844
1470,649
1470,54
1470,264
1470,715
1470,292
440,474
440,844
440,649
440,54
440,264
440,715
440,292
441,474
441,844
441,649
441,54
441,264
441,715
441,292
1250,974
1250,288
1250,613
348,974
348,288
348,613
348,625
320,974
320,288
320,613
320,625
405,974
405,876
405,625
218,974
218,876
218,625
982,974
982,288
982,613
982,2
922,974
922,288
922,613
878,974
878,613
1164,974
1164,613
1099,974
1099,613
1099,54
900,974
900,613
900,54
261,974
261,613
261,54
261,583
291,974
291,613
291,54
291,583
1041,613
1041,54
1041,625
1127,844
1127,613
1127,54
1127,629
1013,613
1013,54
1013,629
1013,625
1249,474
1249,844
1249,649
1249,613
1249,54
1249,629
1249,625
1221,844
1221,613
1221,54
1221,629
345,844
345,613
345,54
345,629
1476,474
1476,844
1476,21
1476,649
1476,613
1476,54
1476,583
1476,494
1476,715
1476,88
552,474
552,844
552,649
552,613
552,54
211,613
211,54
211,629
211,625
236,54
236,629
236,625
236,876
236,54
236,629
236,625
208,613
208,54
208,629
208,625
207,474
207,613
207,54
207,629
207,625
482,474
482,613
482,54
482,629
482,625
407,474
407,613
407,54
407,629
407,625
576,974
576,288
576,613
576,2
389,919
389,288
389,613
389,2
118,974
118,288
118,613
118,2
792,613
792,583
824,613
824,583
1014,613
1014,583
980,613
980,583
1163,613
1163,54
1163,583
339,844
339,613
339,54
339,583
1093,844
1093,21
1093,649
1093,613
1093,54
1093,583
1093,715
478,474
478,844
478,649
478,613
478,54
478,583
478,715
478,474
478,844
478,649
478,613
478,54
478,583
1351,474
1351,844
1351,649
1351,613
1351,54
1351,583
1351,715
376,844
376,21
376,649
376,613
376,54
376,494
376,715
376,292
376,88
287,844
287,649
287,613
287,54
287,715
287,292
610,844
610,649
610,613
610,54
610,583
610,715
991,474
991,844
991,649
991,613
991,54
991,923
991,629
991,715
1451,516
1451,613
1451,54
1451,923
1451,522
1571,613
1571,54
1571,923
1571,522
1571,613
1571,54
1571,923
1571,522
566,613
566,54
566,923
566,522
1471,613
1471,54
1471,923
1471,522
240,613
240,923
240,968
240,522
1136,516
1136,613
1136,54
1136,923
1136,522
1560,649
1560,613
1560,54
1560,923
1560,715
253,516
253,613
253,923
253,715
253,292
598,516
598,613
598,54
598,923
598,968
598,522
597,516
597,613
597,923
597,522
1556,516
1556,613
1556,923
1556,968
1556,522
153,516
153,523
153,923
153,20
153,522
246,923
246,715
246,292
125,516
125,923
466,474
466,844
466,649
466,54
466,264
466,715
466,292
467,474
467,844
467,649
467,54
467,264
467,715
467,292
788,474
788,844
788,21
788,649
788,54
788,264
788,494
788,715
788,292
788,88
789,474
789,844
789,21
789,649
789,54
789,264
789,494
789,715
789,292
789,88
72,474
72,844
72,21
72,649
72,54
72,715
72,292
72,88
1161,474
1161,844
1161,21
1161,649
1161,54
1161,264
1161,715
1161,292
1161,88
321,474
321,844
321,21
321,649
321,54
321,629
321,715
321,292
43,474
43,844
43,21
43,649
43,54
43,264
43,715
43,292
539,474
539,844
539,21
539,649
539,54
539,264
539,715
539,292
334,474
334,844
334,649
334,54
334,629
334,264
334,715
334,292
183,474
183,844
183,649
183,54
183,629
183,264
183,715
183,292
257,474
257,844
257,649
257,54
257,629
257,264
257,715
257,292
198,474
198,844
198,649
198,54
198,923
198,629
198,264
198,715
198,292
210,474
210,649
210,54
210,629
210,264
210,715
210,292
200,474
200,649
200,54
200,629
200,264
200,715
200,292
264,474
264,649
264,54
264,923
264,629
264,715
264,292
179,474
179,649
179,54
179,923
179,629
179,715
179,292
1037,474
1037,54
1037,629
1037,715
1037,292
1009,474
1009,649
1009,54
1009,629
1009,715
1009,292
134,474
134,649
134,54
134,923
134,629
134,715
134,292
195,474
195,54
195,629
195,715
195,292
247,474
247,54
247,629
247,715
247,292
49,474
49,54
49,629
49,715
49,292
759,474
759,54
759,629
759,715
759,292
300,387
300,54
300,629
300,715
300,292
204,474
204,54
204,629
204,715
204,292
976,474
976,54
976,629
976,715
976,292
202,588
743,21
743,588
977,21
1439,516
1439,923
1439,715
1439,292
1561,516
1561,923
1561,588
1151,516
1151,923
1151,522
918,923
918,715
1238,516
1238,923
1238,522
1213,516
1213,923
1213,522
776,516
776,923
1237,54
1237,923
1237,715
1237,292
1384,923
1384,715
1384,292
1337,54
1337,923
1337,715
1337,292
1469,923
1469,715
161,715
161,292
1448,715
1448,292
1447,715
1447,292
1447,715
1447,292
1450,715
1450,292
1546,701
1546,715
1546,292
1449,715
1449,292
1545,715
1545,292
1385,715
1385,292
1385,715
1385,292
1547,715
1547,292
460,21
460,701
460,233
460,715
460,292
460,281
70,701
70,233
70,281
65,701
65,233
65,715
65,292
65,281
1575,701
1575,233
1575,715
1575,292
1575,281
492,701
492,233
492,281
52,701
52,233
52,281
381,701
381,233
381,281
0,974
0,876
0,915
1152,974
1152,876
1152,915
1152,625
442,974
442,876
442,915
442,625
107,974
107,876
107,915
107,625
1344,974
1344,876
1344,915
1344,625
578,974
578,876
578,915
578,625
311,974
311,876
311,915
311,625
311,974
311,876
311,915
311,625
892,974
892,876
892,915
892,625
579,974
579,876
579,915
579,625
143,974
143,876
143,915
143,625
254,974
254,876
254,915
254,625
292,974
292,876
292,915
292,625
387,974
387,876
387,625
387,708
116,974
116,876
116,625
116,708
142,974
142,876
142,625
142,708
383,974
383,876
383,625
383,708
383,974
383,876
383,625
383,708
85,974
85,876
85,625
85,708
403,876
403,625
403,708
403,974
403,876
403,625
403,708
60,876
60,625
60,708
141,876
141,915
141,625
242,876
242,915
242,625
604,974
604,876
604,915
604,625
599,974
599,876
599,915
599,625
870,876
870,915
870,625
872,876
872,625
872,786
872,708
714,876
714,625
714,786
714,708
817,876
817,786
817,708
349,515
349,915
349,353
349,250
413,515
413,915
413,353
413,250
414,515
414,353
414,250
412,515
412,353
412,250
350,515
350,915
350,353
350,250
416,515
416,353
416,250
266,515
266,915
266,353
266,250
266,786
265,515
265,353
265,250
265,786
351,515
351,353
351,250
351,786
352,515
352,353
352,250
352,786
415,515
415,353
415,250
417,515
417,353
417,250
417,786
513,515
513,915
513,353
513,250
512,515
512,353
512,250
515,515
515,353
515,250
514,515
514,353
514,250
516,515
516,353
516,250
516,786
518,515
518,353
518,250
518,786
268,515
268,353
268,250
268,786
267,515
267,353
267,250
267,786
297,515
297,353
297,250
297,786
269,515
269,353
269,250
269,786
243,515
243,353
243,250
243,786
243,515
243,353
243,250
243,786
271,515
271,353
271,250
271,786
271,708
244,515
244,353
244,250
244,786
244,708
270,515
270,353
270,250
270,786
270,708
272,515
272,353
272,250
272,786
272,708
418,515
418,353
418,250
418,786
355,515
355,353
355,250
355,786
355,708
353,515
353,353
353,250
353,786
354,515
354,353
354,250
354,786
392,515
392,353
392,250
392,786
392,708
419,515
419,353
419,250
419,786
419,708
517,515
517,353
517,250
517,786
517,515
517,353
517,250
517,786
519,515
519,353
519,250
519,786
393,515
393,353
393,250
393,786
393,708
357,515
357,353
357,250
357,786
357,708
356,515
356,353
356,250
356,786
356,708
358,515
358,353
358,250
358,786
358,708
420,515
420,353
420,250
420,786
420,708
420,515
420,353
420,250
420,786
420,708
394,515
394,353
394,250
394,786
394,708
459,515
459,353
459,250
459,786
459,708
485,515
485,353
485,250
485,786
485,708
819,876
819,625
545,876
545,629
545,625
545,708
51,876
51,625
51,708
50,387
50,876
50,625
50,708
310,387
310,629
310,625
310,708
1473,54
1473,629
1473,625
1473,54
1473,629
1473,625
1472,387
1472,54
1472,629
1472,625
1472,931
1347,387
1347,54
1347,629
1347,715
1347,292
61,387
61,54
61,629
61,715
821,387
821,54
821,629
821,715
821,708
869,387
869,54
869,629
869,715
869,708
1123,387
1123,54
1123,629
1123,715
1123,584
1123,708
237,387
237,54
237,629
237,715
258,387
258,54
258,923
258,629
258,715
498,876
498,629
498,625
498,708
1288,387
1288,876
1288,629
1288,625
1288,708
1342,387
1342,876
1342,629
1342,625
1342,708
251,387
251,629
251,625
251,708
1386,387
1386,629
1386,625
1386,708
1219,387
1219,629
1219,625
1219,708
859,387
859,876
859,625
859,708
1562,387
1562,629
1562,625
1562,931
1562,708
167,387
167,629
167,625
167,708
684,387
684,629
684,625
684,786
684,708
684,359
684,387
684,629
684,625
684,708
121,387
121,629
121,625
121,786
121,708
138,387
138,629
138,708
21,387
21,629
21,708
205,387
205,629
205,625
205,708
1287,387
1287,629
1287,786
1287,708
1287,359
99,387
99,629
99,786
99,708
99,9
99,359
274,515
274,353
274,250
274,786
274,708
274,9
273,515
273,353
273,250
273,786
273,708
273,9
360,515
360,353
360,250
360,786
360,708
360,9
359,515
359,353
359,250
359,584
359,786
359,708
359,9
359,515
359,353
359,250
359,786
359,708
359,9
422,515
422,353
422,250
422,584
422,786
422,708
422,9
362,515
362,353
362,250
362,786
362,708
362,9
362,515
362,353
362,250
362,786
362,708
362,9
423,515
423,353
423,250
423,786
423,708
423,9
275,515
275,353
275,250
275,786
275,708
275,9
278,515
278,250
278,786
278,708
278,9
278,986
364,515
364,353
364,250
364,786
364,708
364,9
277,515
277,353
277,250
277,786
277,708
277,9
366,515
366,250
366,786
366,708
366,9
276,515
276,353
276,250
276,786
276,708
276,9
361,515
361,353
361,250
361,786
361,708
361,9
365,515
365,250
365,786
365,708
365,9
363,515
363,353
363,250
363,786
363,708
363,9
425,515
425,353
425,250
425,584
425,786
425,708
425,9
424,515
424,353
424,250
424,584
424,786
424,708
424,9
529,387
529,515
529,250
529,584
529,786
529,708
529,9
367,387
367,515
367,250
367,786
367,708
367,9
367,986
368,387
368,515
368,250
368,786
368,708
368,9
368,986
298,387
298,515
298,250
298,786
298,708
298,9
324,387
324,515
324,250
324,786
324,708
324,9
324,986
279,387
279,515
279,250
279,786
279,708
279,9
279,986
370,387
370,515
370,786
370,708
370,9
370,986
369,387
369,515
369,786
369,708
369,9
369,986
371,387
371,515
371,786
371,708
371,9
371,986
299,387
299,515
299,786
299,708
299,9
299,986
326,387
326,515
326,786
326,708
326,9
326,986
325,387
325,515
325,786
325,708
325,9
325,986
325,387
325,786
325,708
325,9
325,986
372,387
372,515
372,786
372,708
372,9
372,986
323,387
323,515
323,250
323,584
323,786
323,708
323,9
323,986
323,387
323,515
323,250
323,786
323,708
323,9
323,986
428,387
428,515
428,250
428,584
428,786
428,708
428,9
428,986
427,387
427,515
427,250
427,584
427,786
427,708
427,9
426,387
426,515
426,584
426,786
426,708
426,9
426,986
426,387
426,515
426,250
426,584
426,786
426,708
426,9
426,986
528,387
528,515
528,584
528,786
528,708
528,9
430,387
430,515
430,584
430,786
430,708
430,9
429,387
429,515
429,584
429,786
429,708
429,9
429,986
431,387
431,515
431,584
431,786
431,708
431,9
431,986
395,387
395,515
395,584
395,786
395,708
395,9
395,986
395,387
395,786
395,708
395,9
395,986
432,387
432,515
432,584
432,786
432,708
432,9
432,986
551,515
551,915
551,353
551,250
1078,515
1078,353
1078,250
1078,7
1078,968
1078,515
1078,353
1078,250
1078,7
1078,968
1195,515
1195,353
1195,7
1195,968
1195,522
1194,515
1194,353
1194,250
1194,7
1194,968
1194,522
1327,515
1327,353
1327,250
1327,7
1327,968
1327,522
1325,515
1325,353
1325,250
1325,7
1325,968
1325,522
1326,515
1326,353
1326,250
1326,7
1326,968
1326,522
1432,148
1432,515
1432,678
1432,353
1432,250
1432,7
1432,968
1431,148
1431,515
1431,678
1431,353
1431,7
1431,968
1436,515
1436,353
1436,250
1436,7
1436,968
1436,522
1434,515
1434,353
1434,7
1434,968
1434,522
1435,515
1435,353
1435,250
1435,7
1435,968
1435,522
1433,515
1433,353
1433,250
1433,7
1433,968
1433,522
1438,515
1438,353
1438,7
1438,968
1438,522
1437,515
1437,353
1437,7
1437,968
1437,522
1532,148
1532,515
1532,678
1532,353
1532,7
1532,968
1531,148
1531,515
1531,678
1531,353
1531,7
1531,968
1533,515
1533,353
1533,7
1533,968
1533,522
1534,515
1534,353
1534,7
1534,968
1534,522
1536,515
1536,353
1536,7
1536,968
1536,522
1537,515
1537,353
1537,7
1537,968
1537,522
1535,515
1535,353
1535,7
1535,968
1535,522
1539,353
1539,7
1539,968
1539,522
1538,515
1538,353
1538,7
1538,968
1538,522
1278,515
1278,7
1278,968
1278,522
1540,515
1540,968
1540,522
1541,515
1541,923
1541,968
1541,522
541,923
541,954
541,632
541,20
541,522
192,923
192,954
192,522
164,923
164,954
164,632
164,20
164,522
184,923
184,954
184,632
184,20
184,522
710,923
710,954
710,632
710,20
710,522
444,923
444,954
444,632
444,20
444,522
124,923
124,954
124,632
124,20
124,522
1011,923
1011,954
1011,632
1011,20
1011,522
333,923
333,522
1035,923
1035,954
1035,522
712,923
712,954
712,20
712,522
490,954
490,632
490,20
490,522
445,954
445,632
445,20
445,522
31,954
31,7
31,632
31,20
31,522
711,923
711,954
711,632
711,20
711,522
29,923
29,954
29,632
29,20
29,522
27,954
27,632
27,20
27,522
30,923
30,954
30,632
30,20
30,522
700,54
700,923
700,968
700,522
471,923
471,968
471,584
471,309
471,522
757,923
757,968
757,584
757,522
758,923
758,968
758,584
758,309
758,522
137,923
137,968
137,584
137,309
137,522
255,54
255,923
255,629
255,715
294,54
294,923
294,629
294,715
1364,54
1364,923
1364,715
235,923
235,715
1338,54
1338,923
1338,715
1338,292
111,54
111,923
111,629
111,715
111,584
111,708
197,923
197,715
197,522
169,54
169,923
169,715
169,584
169,522
209,54
209,923
209,715
209,584
209,522
159,54
159,923
159,715
159,584
159,522
22,923
22,715
22,584
22,522
98,923
98,629
98,584
98,708
98,309
601,387
601,968
601,584
601,786
601,708
601,359
601,522
641,387
641,515
641,968
641,584
641,786
641,708
641,359
641,522
1244,387
1244,584
1244,786
1244,708
1244,769
1244,359
1244,522
640,387
640,515
640,968
640,584
640,786
640,708
640,522
186,923
186,968
186,584
186,309
186,522
248,515
248,923
248,968
248,584
248,309
248,522
73,387
73,923
73,629
73,584
73,708
73,309
252,923
252,629
252,584
252,708
252,309
252,522
36,923
36,629
36,584
36,708
36,309
36,522
241,923
241,629
241,584
241,309
241,522
37,923
37,629
37,584
37,708
37,309
37,522
263,923
263,629
263,584
263,708
263,309
263,359
263,522
312,923
312,629
312,584
312,708
312,309
312,522
38,923
38,629
38,584
38,708
38,309
38,359
212,629
212,584
212,708
212,309
1550,387
1550,584
1550,708
1550,387
1550,584
1550,786
1550,708
102,387
102,923
102,584
102,708
102,359
102,522
1101,327
1251,327
1166,218
1166,436
1166,367
1166,568
1166,327
1042,218
1042,436
815,218
815,436
815,367
865,218
865,794
865,568
865,327
676,218
676,568
676,327
390,367
390,568
390,327
1365,367
1365,988
1365,568
1365,101
1365,620
717,367
39,367
39,101
39,620
39,19
1012,742
1012,761
1012,279
1012,590
1012,797
1012,523
81,742
81,761
81,590
81,797
81,425
81,523
608,506
608,184
608,425
608,916
608,524
1340,423
1290,423
1458,423
1458,930
1445,423
1445,930
665,789
665,445
665,796
886,789
886,445
886,578
886,796
1209,745
1209,789
1209,445
1209,87
561,745
561,789
561,445
561,87
561,796
564,789
564,445
564,87
564,796
563,745
563,789
563,445
563,71
563,87
560,745
560,789
560,445
560,87
967,745
967,789
967,445
967,71
967,87
967,796
747,745
747,789
747,445
747,87
747,796
773,745
773,789
773,445
773,71
773,87
773,796
1383,745
1383,789
1383,445
1383,71
1383,87
1383,578
1383,796
746,745
746,789
746,445
746,71
746,87
746,796
216,678
216,954
216,632
216,534
216,176
216,639
216,810
216,118
1207,954
1207,178
1207,176
1207,639
1207,617
1207,118
1142,954
1142,178
1142,176
1142,639
1142,118
1446,178
1446,617
1125,423
1125,574
1125,930
691,789
691,445
691,796
1130,789
1130,445
1130,71
1130,578
858,789
858,445
858,71
858,578
1131,789
1131,445
1131,71
1131,578
1129,789
1129,445
1129,71
1129,578
909,789
909,445
909,71
909,578
1218,789
1218,445
1218,71
1218,578
963,789
963,445
963,578
1572,789
1572,445
1572,737
1572,71
1572,578
744,789
744,71
744,578
696,789
696,445
696,737
696,71
696,578
322,930
322,737
322,578
1080,789
1080,445
1080,578
1468,789
1468,445
1468,71
1468,578
1573,445
1573,737
1573,71
1573,578
1139,737
1139,71
1139,578
965,789
965,445
965,71
965,87
965,578
997,789
997,445
997,71
997,87
997,578
853,789
853,445
853,71
853,87
853,578
966,789
966,445
966,71
966,87
966,578
998,789
998,445
998,71
998,87
998,578
558,789
558,445
558,71
558,87
558,578
562,789
562,445
562,71
562,87
562,578
556,789
556,445
556,71
556,87
556,578
902,789
902,445
902,71
902,87
902,578
522,789
522,445
522,71
522,87
522,578
461,789
461,445
461,71
461,87
461,578
1214,789
1214,445
1214,71
1214,87
1214,578
901,789
901,445
901,71
901,87
901,578
1266,789
1266,445
1266,71
1266,87
1266,578
1232,789
1232,445
1232,71
1232,87
1232,578
660,789
660,445
660,71
660,87
660,578
1088,71
1088,87
1088,578
1330,71
1330,87
1330,578
1205,71
1205,87
1205,578
1205,617
960,71
960,87
960,578
639,789
639,445
639,71
639,87
639,578
559,789
559,445
559,71
559,87
559,578
774,789
774,445
774,71
774,87
774,578
809,789
809,445
809,71
809,87
809,578
772,789
772,445
772,71
772,87
772,578
772,796
808,789
808,445
808,71
808,87
808,578
857,789
857,445
857,71
857,87
857,578
778,789
778,445
778,71
778,87
778,578
778,796
596,789
596,445
596,71
596,87
596,578
523,789
523,445
523,71
523,87
523,578
557,789
557,445
557,71
557,87
557,578
486,789
486,445
486,71
486,87
486,578
486,789
486,445
486,71
486,87
486,578
810,789
810,445
810,71
810,87
810,578
775,789
775,445
775,71
775,87
775,578
697,789
697,445
697,71
697,87
697,578
697,789
697,445
697,71
697,87
697,578
777,789
777,445
777,71
777,87
777,578
698,789
698,445
698,71
698,87
698,578
804,789
804,445
804,71
804,87
804,578
885,789
885,445
885,71
885,87
885,578
462,789
462,445
462,71
462,87
462,578
462,789
462,445
462,71
462,87
462,578
668,789
668,445
668,71
668,87
668,578
667,789
667,445
667,71
667,87
667,578
667,789
667,445
667,71
667,87
667,578
421,789
421,445
421,71
421,87
421,578
1107,789
1107,445
1107,71
1107,87
1107,578
669,789
669,445
669,71
669,87
669,578
1463,789
1463,445
1463,71
1463,87
1463,578
1465,71
1465,87
1465,578
671,789
671,445
671,71
671,87
671,578
1079,445
1079,71
1079,87
1079,578
1079,617
636,71
636,87
636,578
636,617
958,445
958,71
958,87
958,578
958,617
907,71
907,87
907,578
907,617
961,737
961,71
961,578
959,737
959,71
959,578
1543,737
1543,71
1543,578
968,71
968,87
968,578
968,617
917,71
917,87
917,578
1134,71
1134,87
1134,578
1134,936
658,71
658,87
658,578
658,617
1366,71
1366,87
1366,578
1366,617
1382,71
1382,87
1382,578
1382,617
1382,71
1382,87
1382,578
1382,617
989,71
989,87
989,578
989,617
805,71
805,87
805,578
805,617
1111,71
1111,87
1111,578
1111,617
1086,71
1086,87
1086,578
1086,617
1140,71
1140,87
1140,578
1140,617
1331,737
1331,71
1331,578
1359,71
1359,87
1359,578
1359,936
645,71
645,87
645,578
1211,71
1211,87
1211,578
1211,617
1210,71
1210,578
1210,617
992,71
992,178
992,534
992,176
992,578
993,737
993,71
993,178
993,534
993,176
993,578
670,71
670,578
555,71
555,578
692,71
692,87
692,578
692,617
768,71
768,639
768,87
768,578
768,617
768,118
811,71
811,639
811,87
811,578
811,617
811,118
769,71
769,639
769,87
769,578
769,617
769,118
889,71
889,87
889,578
889,617
693,71
693,87
693,578
693,617
1577,71
1577,178
1577,176
1577,578
1577,617
1577,71
1577,578
1577,617
590,71
590,178
590,176
590,578
590,617
664,178
664,534
664,176
957,178
957,176
957,578
1083,178
1083,534
1083,176
1083,639
1083,395
1235,178
1235,176
1235,639
1235,395
1085,178
1085,534
1085,176
1085,639
1085,118
659,178
659,534
659,176
659,639
659,118
1486,178
1486,534
1486,176
1486,639
1486,118
1025,178
1025,534
1025,176
1025,639
1025,118
231,178
231,534
231,176
231,639
231,395
231,118
780,178
780,176
780,395
780,578
1217,178
1217,176
1217,639
1217,578
1217,617
1336,178
1336,176
1336,578
1336,617
1362,178
1362,176
1362,639
1362,617
1362,118
1234,178
1234,176
1234,639
1234,617
1234,118
770,178
770,176
770,639
770,118
553,178
553,176
553,639
553,395
1466,178
1466,176
1466,639
1466,617
1466,118
904,178
904,176
904,639
904,617
904,118
1084,178
1084,176
1084,639
1084,617
1084,118
854,178
854,176
854,639
854,395
854,617
854,118
1564,71
1564,176
1564,578
1564,617
1564,71
1564,178
1564,176
1564,578
1564,617
1467,71
1467,176
1467,578
1467,617
1236,178
1236,176
1236,578
1236,617
662,178
662,176
662,578
662,617
1441,178
1441,176
1441,639
1441,617
95,178
95,176
95,639
95,617
95,118
1276,178
1276,176
1276,639
1276,395
1276,617
856,178
856,176
856,617
860,178
860,176
860,639
860,617
860,118
589,178
589,176
589,639
589,395
589,617
1133,178
1133,176
1133,639
1133,617
1133,118
797,178
797,578
797,617
903,178
903,176
903,639
903,617
903,118
748,178
748,176
748,617
748,178
748,176
748,617
1026,178
1026,176
1026,639
1026,617
1026,118
1024,178
1024,176
1024,639
1024,617
1024,118
1081,178
1081,617
593,178
593,176
593,617
779,178
779,617
638,178
638,617
1153,178
1153,617
813,988
813,101
813,620
813,247
813,988
813,818
813,101
813,620
825,988
825,101
825,620
825,247
823,988
823,884
823,101
823,620
823,247
823,19
1551,988
1551,884
1551,101
1551,620
1551,247
454,988
454,884
454,101
454,620
454,247
454,19
1279,988
1279,884
1279,101
1279,620
1279,247
1279,19
245,884
245,101
245,620
245,247
245,19
535,884
535,101
535,620
535,247
535,19
535,361
568,884
568,101
568,620
568,247
568,19
568,361
1206,884
1206,101
1206,620
1206,247
1206,19
1206,361
695,884
695,101
695,745
695,620
695,247
695,19
807,884
807,101
807,620
807,247
807,19
1293,988
1293,818
1293,916
1090,988
1090,916
1090,361
1090,988
1090,818
1090,916
1090,361
1554,988
1554,916
1554,361
1150,988
1150,916
1150,361
1148,988
1148,916
1148,361
701,884
701,101
701,620
701,247
701,19
701,361
606,884
606,101
606,620
606,378
606,247
606,19
606,361
565,884
565,378
565,247
565,19
565,361
915,884
915,101
915,378
915,247
915,19
915,361
569,884
569,101
569,378
569,247
569,19
569,361
469,884
469,378
469,247
469,19
469,361
890,884
890,378
890,247
890,19
890,361
1149,884
1149,378
1149,247
1149,19
1149,361
781,884
781,378
781,247
781,19
781,361
781,676
605,884
605,378
605,247
605,19
605,361
524,884
524,378
524,361
603,884
603,378
603,361
603,676
1555,378
1555,361
1555,676
1569,378
1569,361
1569,676
468,378
468,361
468,676
635,884
635,378
635,361
635,676
783,884
783,378
783,19
783,361
783,676
647,884
647,378
647,361
647,676
1332,378
1332,361
1332,676
642,361
642,287
642,676
672,361
672,287
672,676
674,361
674,287
674,676
224,184
224,916
224,524
224,287
703,68
703,612
703,287
703,676
764,68
764,612
764,287
677,68
677,612
677,287
673,361
673,287
673,676
675,361
675,287
675,676
648,361
648,287
648,676
150,361
150,676
882,361
882,287
882,676
799,361
799,287
799,676
702,612
702,287
702,676
250,612
250,676
302,68
302,612
302,454
302,68
302,612
373,68
373,612
373,454
1240,361
1240,676
1022,361
1022,676
201,361
201,676
301,68
301,612
301,676
525,68
525,612
525,676
249,612
249,676
378,68
378,612
378,68
378,612
378,676
812,68
812,612
374,68
374,612
374,454
396,205
396,68
396,612
396,454
303,205
303,68
303,612
303,454
438,205
438,133
438,68
438,612
438,454
439,133
439,68
439,612
439,454
379,68
379,612
400,205
400,68
400,612
400,454
592,68
592,612
592,454
1360,133
1360,68
1360,612
1360,454
1027,745
1027,789
1027,247
1027,19
1027,268
1027,445
1027,187
1027,676
1027,796
1027,745
1027,789
1027,247
1027,19
1027,268
1027,445
1027,187
1027,796
800,745
800,789
800,247
800,19
800,268
800,445
800,187
800,796
1357,745
1357,247
1357,19
1357,268
1357,187
1357,862
798,745
798,789
798,247
798,19
798,268
798,445
798,187
798,862
798,796
803,745
803,789
803,19
803,268
803,445
803,187
803,676
803,862
803,796
1361,745
1361,19
1361,268
1361,187
1361,862
1361,600
1333,745
1333,247
1333,19
1333,268
1333,187
1333,862
634,19
634,268
634,187
634,676
634,862
1106,19
1106,268
1106,187
1106,676
1106,862
1106,600
609,745
609,19
609,268
609,187
609,676
609,862
1334,745
1334,19
1334,268
1334,187
1334,676
1334,862
1270,745
1270,19
1270,268
1270,187
1270,862
1267,745
1267,19
1267,268
1267,187
1267,676
1267,862
1269,745
1269,19
1269,268
1269,187
1269,676
1269,862
1003,19
1003,268
1003,187
1003,676
1003,862
1003,600
1029,19
1029,268
1029,187
1029,676
1029,862
1029,600
970,19
970,268
970,676
970,862
970,600
852,19
852,268
852,187
852,676
852,862
852,600
1000,19
1000,268
1000,187
1000,676
1000,862
1000,600
911,19
911,268
911,676
1092,884
1092,247
1092,19
1092,361
1092,268
766,19
766,268
766,187
766,600
1132,19
1132,268
1132,187
1132,676
1132,862
1132,600
801,19
801,268
801,187
801,676
801,862
801,600
995,19
995,268
995,187
995,676
995,862
995,600
644,19
644,268
644,187
644,676
644,862
1275,19
1275,268
1275,187
1275,676
1275,600
1275,19
1275,268
1275,187
1275,676
1275,600
1002,19
1002,268
1002,187
1002,676
1002,862
1002,600
912,19
912,268
912,187
912,676
1091,19
1091,268
1091,187
1091,676
1091,862
1091,600
1113,19
1113,268
1113,676
1113,600
1094,19
1094,268
1094,676
1094,600
1094,19
1094,268
1094,187
1094,676
1094,862
1094,600
1114,19
1114,268
1114,676
1114,600
1115,268
1115,676
1115,600
1116,268
1116,676
1116,600
1117,268
1117,676
1117,600
398,676
1241,676
861,268
861,676
861,600
289,268
289,71
289,87
289,796
289,245
289,617
1484,617
1484,469
1544,617
1559,578
1559,617
1559,469
1485,617
1485,469
1354,617
1354,469
1352,617
1352,469
1352,617
1352,469
1356,617
1356,469
1089,617
1089,469
1380,617
1380,469
1355,617
1355,469
1118,268
1118,676
1118,600
1119,268
1119,676
1121,268
1121,676
1341,268
1341,676
1341,600
1144,676
1358,268
1358,676
1358,600
178,676
178,600
53,676
1277,676
1339,68
1339,612
1339,676
327,68
327,612
666,68
666,454
666,469
54,761
54,797
54,425
54,523
532,761
532,425
532,523
375,362
375,253
375,425
375,523
375,991
1007,923
1007,954
1007,632
1007,20
1007,522
1008,923
1008,954
1008,632
1008,20
1008,522
979,923
979,954
979,632
979,20
979,522
706,923
706,954
706,632
706,20
706,522
108,954
108,632
108,20
108,522
109,954
109,632
109,20
109,522
681,954
681,632
681,20
681,522
377,954
377,632
377,20
377,522
91,35
91,954
91,632
91,20
93,954
93,632
93,20
93,522
17,35
17,954
17,632
17,20
613,35
613,954
613,632
613,20
613,588
613,336
135,35
135,954
135,632
135,20
1248,35
1248,954
1248,632
1248,20
1248,588
1248,336
707,923
707,954
707,632
707,20
707,522
542,954
542,632
542,20
542,522
709,923
709,954
709,632
709,20
709,522
380,923
380,954
380,632
380,20
380,522
123,923
123,954
123,632
123,20
123,522
580,839
580,954
580,632
580,20
580,522
25,954
25,632
25,20
612,35
612,954
612,632
612,20
1245,35
1245,954
1245,632
1245,20
23,954
23,632
23,20
23,522
26,954
26,632
26,20
26,522
577,35
577,954
577,632
577,20
577,839
577,954
577,632
577,20
577,522
1097,35
1097,954
1097,632
1097,20
19,35
19,954
19,632
19,20
1246,35
1246,954
1246,632
1246,20
1246,588
1246,336
1246,35
1246,954
1246,632
1246,20
1246,336
713,35
713,954
713,632
713,20
713,588
713,336
816,35
816,954
816,632
816,20
816,336
1247,35
1247,954
1247,632
1247,20
133,35
133,954
133,632
133,20
133,336
84,35
84,954
84,632
84,20
84,588
84,336
76,35
76,954
76,632
76,20
76,336
94,954
94,632
94,20
94,336
68,954
68,632
68,20
68,336
282,35
282,954
282,632
282,20
282,588
282,336
974,35
974,954
974,632
974,20
974,588
974,336
46,954
46,7
46,632
46,522
1038,954
1038,632
1038,522
92,954
92,7
92,632
92,522
1096,954
1096,632
1096,20
1096,522
753,954
753,632
753,336
753,954
753,632
753,20
753,336
1328,954
1328,632
1328,336
227,954
227,632
227,20
227,336
975,954
975,632
975,20
975,336
1273,954
1273,632
1273,534
1273,176
1273,639
1273,118
1273,119
1274,954
1274,632
1274,534
1274,176
1274,639
1274,119
1108,954
1108,632
1108,534
1108,176
1108,639
1108,119
1108,394
1135,954
1135,632
1135,534
1135,176
1135,119
1135,394
115,954
115,632
115,119
115,336
229,954
229,632
229,20
229,119
229,336
233,954
233,632
233,119
233,336
233,394
206,954
206,632
206,119
206,336
206,394
1570,954
1570,632
1570,534
1570,176
1570,639
1570,118
1570,119
1487,954
1487,534
1487,176
1487,639
1487,118
1487,119
806,954
806,632
806,176
806,639
806,118
806,119
1263,954
1263,632
1263,176
1263,639
1263,118
1263,119
1215,954
1215,632
1215,176
1215,639
1215,118
1215,119
1381,954
1381,632
1381,176
1381,639
1381,118
1381,119
1264,954
1264,178
1264,176
1264,639
1264,617
1264,118
765,954
765,632
765,176
765,639
765,118
765,119
887,954
887,632
887,176
887,639
887,118
887,119
887,394
1443,954
1443,632
1443,176
1443,639
1443,118
1443,119
1443,954
1443,632
1443,534
1443,176
1443,639
1443,118
1443,119
908,954
908,632
908,176
908,639
908,118
908,119
908,394
1239,954
1239,632
1239,534
1239,176
1239,639
1239,118
1239,119
1239,394
802,954
802,632
802,176
802,639
802,118
802,119
802,394
1335,954
1335,632
1335,534
1335,176
1335,639
1335,119
1335,394
554,954
554,632
554,176
554,639
554,119
554,394
520,954
520,632
520,176
520,639
520,119
520,938
520,394
883,954
883,632
883,534
883,176
883,119
883,394
1268,954
1268,632
1268,534
1268,176
1268,119
1268,394
999,954
999,632
999,176
999,119
999,938
999,394
1444,954
1444,632
1444,176
1444,639
1444,119
1444,938
1444,394
1271,954
1271,632
1271,176
1271,639
1271,119
1271,394
750,954
750,632
750,534
750,176
750,119
750,394
749,954
749,632
749,534
749,176
749,119
749,394
956,954
956,632
956,534
956,176
956,119
956,394
338,954
338,632
338,119
338,336
338,394
480,954
480,632
480,119
480,336
480,394
955,954
955,632
955,176
955,119
955,938
955,394
1198,954
1198,632
1198,119
1198,938
1198,394
905,954
905,632
905,176
905,119
905,938
905,394
1474,954
1474,632
1474,176
1474,119
1474,938
1474,394
751,362
751,253
751,184
751,425
751,524
884,362
884,253
884,425
884,524
402,916
402,205
402,133
402,68
402,287
969,205
969,133
969,68
969,612
969,287
1001,383
1001,205
1001,133
1001,68
1001,612
1001,287
1557,205
1557,133
1557,68
1557,612
1557,287
1120,205
1120,133
1120,68
1120,612
1120,287
1120,454
488,205
488,133
488,261
488,68
488,612
488,454
488,205
488,133
488,68
488,612
488,454
434,205
434,133
434,261
434,68
434,612
434,454
571,383
571,205
571,133
571,261
571,68
571,612
571,454
533,383
533,205
533,133
533,261
533,68
533,454
166,954
166,632
166,119
166,938
166,336
166,394
534,383
534,205
534,133
534,261
534,68
534,612
534,454
1122,68
1122,454
1122,469
433,205
433,133
433,68
433,612
433,454
595,133
595,68
595,612
595,454
397,205
397,133
397,68
397,612
397,454
742,133
742,68
742,612
742,454
122,133
122,68
122,612
122,454
489,205
489,133
489,68
489,612
489,454
487,205
487,133
487,261
487,68
487,612
487,454
782,133
782,68
782,612
782,454
814,133
814,68
814,612
814,454
177,133
177,68
177,612
177,454
705,133
705,261
705,68
705,612
705,454
646,133
646,261
646,68
646,612
646,454
745,178
745,176
745,639
745,617
549,178
549,176
549,639
549,617
549,118
916,954
916,632
916,176
916,639
916,617
916,118
916,119
1272,954
1272,632
1272,176
1272,639
1272,617
1272,118
1272,119
990,954
990,632
990,176
990,639
990,118
990,119
913,954
913,632
913,176
913,639
913,617
913,118
913,119
575,632
575,176
575,639
575,118
575,119
573,176
573,639
573,118
573,119
537,176
537,639
537,617
537,118
1087,178
1087,176
1087,639
1087,617
1087,118
1452,178
1452,176
1452,639
1452,617
1452,118
1242,178
1242,617
574,632
574,176
574,639
574,617
574,118
574,119
572,176
572,639
572,617
572,118
572,119
1145,176
1145,639
1145,118
1145,119
594,176
594,639
594,617
594,119
594,632
594,176
594,639
594,617
594,119
1147,176
1147,639
1147,617
1147,118
1147,119
663,954
663,176
663,639
663,118
663,119
663,394
964,954
964,176
964,639
964,118
964,119
964,394
906,954
906,632
906,176
906,639
906,118
906,119
906,394
1021,954
1021,632
1021,176
1021,639
1021,119
1021,938
1021,394
1020,954
1020,632
1020,176
1020,639
1020,119
1020,938
1020,394
1464,176
1464,639
1464,118
1464,119
1574,119
1574,394
1196,954
1196,632
1196,119
1196,938
1196,394
962,954
962,632
962,176
962,119
962,938
962,394
855,954
855,632
855,176
855,119
855,938
855,394
1019,954
1019,632
1019,176
1019,119
1019,938
1019,394
888,954
888,632
888,176
888,119
888,938
888,394
521,954
521,632
521,176
521,119
521,938
521,394
1141,176
1141,119
1141,938
1141,394
1023,632
1023,176
1023,119
1023,938
1023,394
1197,178
1197,617
1197,119
1261,178
1261,617
1329,178
1329,617
1259,178
1259,617
1104,178
1104,617
1104,119
1154,617
1154,119
1216,119
1227,119
1202,119
1258,178
1258,617
661,178
661,617
1260,617
1260,119
1262,617
1262,119
1203,617
1203,119
1201,617
1201,119
1226,119
1226,469
1226,119
1112,119
1112,469
538,617
538,469
1440,617
1440,119
1440,469
409,454
409,119
409,469
1229,119
1228,119
1228,394
1230,119
1230,394
1200,119
1200,938
1200,394
1199,119
1199,938
1199,394
1143,454
1143,119
1143,469
1143,394
1257,454
1257,119
1257,469
1231,454
1231,119
1231,469
1231,394
1233,454
1233,119
1233,469
1233,394
1265,454
1265,119
1265,469
1265,394
1265,454
1265,119
1265,469
1265,394
1204,454
1204,119
1204,469
1204,394
1110,119
1110,938
1110,394
1138,119
1138,938
1138,394
1225,176
1225,119
1225,938
1225,394
994,119
994,938
994,394
863,119
863,938
863,394
1137,119
1137,938
1137,394
1109,119
1109,938
1109,394
862,119
862,938
862,394
1082,454
1082,119
1082,469
1082,938
1082,394
1353,454
1353,119
1353,469
1353,938
1353,394
1363,454
1363,119
1363,469
1363,938
1363,394
873,516
873,523
873,35
873,20
873,588
873,336
895,516
895,523
895,35
895,632
895,20
895,588
305,516
305,523
305,35
305,632
305,20
305,588
305,336
896,516
896,523
896,35
896,632
896,20
896,588
185,523
185,632
185,20
185,522
649,516
649,523
649,35
649,632
649,20
649,588
649,336
308,523
308,35
308,632
308,20
308,588
308,336
307,523
307,35
307,632
307,20
307,588
307,336
67,516
67,523
67,35
67,632
67,20
67,588
67,336
2,516
2,523
2,35
2,632
2,20
2,588
2,336
11,516
11,523
11,35
11,632
11,20
11,588
11,336
785,516
785,523
785,35
785,632
785,20
785,588
785,336
682,523
682,35
682,632
682,20
682,588
682,336
6,523
6,35
6,632
6,20
6,588
6,336
7,523
7,35
7,632
7,20
7,588
7,336
226,523
226,35
226,632
226,20
226,588
226,336
12,523
12,35
12,632
12,20
12,588
12,336
756,516
756,523
756,35
756,632
756,20
756,588
756,336
1,516
1,523
1,35
1,20
1,588
1,336
13,516
13,523
13,35
13,632
13,20
13,588
13,336
13,232
10,516
10,523
10,35
10,632
10,20
10,588
10,336
10,232
343,253
343,35
343,632
343,20
343,991
343,588
343,336
343,232
4,253
4,35
4,632
4,20
4,991
4,588
4,336
4,232
4,523
4,35
4,632
4,20
4,588
4,336
344,253
344,35
344,632
344,20
344,991
344,588
344,336
344,232
8,253
8,35
8,20
8,991
8,588
8,336
8,232
88,253
88,35
88,20
88,991
88,588
88,336
88,232
119,253
119,35
119,632
119,20
119,991
119,588
119,336
119,232
120,253
120,35
120,632
120,20
120,991
120,588
120,336
120,232
89,253
89,35
89,20
89,991
89,588
89,336
89,232
382,253
382,35
382,632
382,20
382,991
382,588
382,336
382,232
103,253
103,35
103,632
103,20
103,991
103,588
103,336
103,232
495,253
495,35
495,632
495,20
495,991
495,588
495,336
495,232
446,35
446,632
446,20
446,991
446,588
446,336
446,232
446,35
446,632
446,20
446,991
446,588
446,336
446,232
1368,253
1368,35
1368,632
1368,20
1368,991
1368,588
1368,336
1368,232
1369,253
1369,35
1369,632
1369,20
1369,991
1369,588
1369,336
1369,232
20,253
20,35
20,20
20,991
20,588
20,336
20,232
130,253
130,35
130,20
130,991
130,588
130,336
130,232
132,253
132,35
132,632
132,20
132,991
132,588
132,336
132,232
760,253
760,35
760,632
760,20
760,991
760,588
760,336
760,232
175,253
175,35
175,632
175,20
175,991
175,588
175,336
175,232
1346,253
1346,35
1346,632
1346,20
1346,991
1346,588
1346,336
1346,232
131,253
131,35
131,20
131,991
131,588
131,336
131,232
316,253
316,35
316,632
316,20
316,991
316,588
316,336
316,232
127,253
127,35
127,20
127,991
127,588
127,336
127,232
1477,253
1477,35
1477,20
1477,991
1477,588
1477,336
1477,232
317,253
317,35
317,632
317,20
317,991
317,588
317,336
317,232
174,253
174,35
174,632
174,20
174,991
174,588
174,336
174,232
78,253
78,35
78,632
78,20
78,991
78,588
78,336
78,232
386,253
386,35
386,632
386,20
386,991
386,588
386,336
386,232
384,253
384,35
384,991
384,336
384,232
1372,253
1372,35
1372,20
1372,991
1372,588
1372,336
1372,232
1396,253
1396,35
1396,20
1396,991
1396,588
1396,336
1396,232
544,253
544,35
544,632
544,20
544,991
544,588
544,336
544,232
453,253
453,35
453,991
453,336
453,232
655,253
655,35
655,261
655,991
655,336
655,232
340,253
340,35
340,991
340,336
340,232
505,253
505,35
505,632
505,991
505,336
505,232
1399,253
1399,35
1399,632
1399,991
1399,336
1399,232
657,253
657,35
657,261
657,991
657,336
657,232
656,253
656,35
656,261
656,991
656,336
656,232
113,253
113,261
113,991
113,336
113,232
1578,253
1578,261
1578,454
1578,991
1578,336
1578,232
139,253
139,261
139,991
139,336
139,232
715,253
715,261
715,991
715,336
715,232
437,275
437,21
437,793
1100,275
1100,21
1100,793
637,275
637,793
637,588
822,275
822,21
822,793
875,275
875,233
875,793
1208,275
1208,21
1208,233
1208,793
984,275
984,233
984,793
984,281
704,275
704,701
704,233
704,793
704,281
704,588
526,275
526,701
526,793
526,588
1010,275
1010,793
1010,127
1224,275
1224,793
1224,127
767,275
767,597
767,793
767,127
591,275
591,793
591,588
1146,275
1146,793
32,275
32,793
978,275
978,793
791,275
791,793
924,275
924,233
924,793
924,281
1016,275
1016,21
1016,233
1016,597
1016,793
1016,281
1040,275
1040,21
1040,233
1040,793
1040,281
484,275
484,21
484,233
484,597
484,793
484,281
752,275
752,701
752,233
752,793
752,281
1126,275
1126,21
1126,233
1126,281
983,275
983,21
983,233
983,793
983,281
472,701
472,233
472,281
491,701
491,233
491,281
784,275
784,701
784,233
784,793
784,281
152,701
152,233
152,281
1036,275
1036,793
1036,127
914,275
914,793
914,127
129,275
129,793
129,127
504,275
504,597
504,793
504,127
1155,275
1155,597
1155,793
1155,127
1253,275
1253,597
1253,793
1253,127
686,275
686,597
686,793
686,127
867,523
867,923
867,954
867,632
867,20
867,522
897,523
897,35
897,632
897,20
897,588
919,523
919,35
919,954
919,632
919,20
919,588
650,523
650,35
650,632
650,20
650,588
678,523
678,35
678,954
678,632
678,20
678,588
332,35
332,954
332,632
332,20
332,588
330,35
330,954
330,632
330,20
898,523
898,35
898,632
898,20
898,588
898,336
898,523
898,35
898,632
898,20
898,588
75,523
75,35
75,954
75,632
75,20
75,588
75,336
651,35
651,632
651,20
651,588
651,523
651,35
651,632
651,20
651,588
679,35
679,632
679,20
679,588
15,35
15,954
15,632
15,20
15,588
15,336
74,523
74,35
74,954
74,632
74,20
74,588
74,336
920,954
920,632
920,20
920,522
921,954
921,632
921,20
921,522
680,35
680,954
680,632
680,20
82,35
82,954
82,632
82,20
82,588
18,35
18,954
18,632
18,20
16,35
16,954
16,632
16,20
16,588
162,35
162,954
162,632
162,20
162,588
162,336
163,35
163,954
163,632
163,20
163,588
163,336
14,35
14,954
14,632
14,20
14,588
14,336
708,35
708,954
708,632
708,20
708,588
708,336
754,35
754,954
754,632
754,20
754,588
754,336
1160,35
1160,954
1160,632
1160,20
1160,588
1160,336
1220,35
1220,954
1220,632
1220,20
1220,588
1220,336
160,35
160,954
160,632
160,20
160,588
160,336
786,35
786,954
786,632
786,20
786,588
786,336
214,523
214,35
214,954
214,632
214,20
214,588
214,336
9,523
9,35
9,632
9,20
9,588
9,336
3,35
3,632
3,20
3,588
3,336
581,35
581,954
581,632
581,20
581,588
581,336
971,35
971,954
971,632
971,20
971,588
971,336
972,35
972,632
972,20
972,588
972,336
5,523
5,35
5,632
5,20
5,588
5,336
614,35
614,954
614,632
614,20
614,588
614,336
106,35
106,632
106,20
106,588
106,336
106,232
105,35
105,954
105,632
105,20
105,588
105,336
105,232
891,35
891,632
891,20
891,588
891,336
473,35
473,632
473,20
473,588
473,336
473,232
335,35
335,632
335,20
335,588
335,336
335,232
543,35
543,632
543,20
543,588
543,336
543,232
494,35
494,632
494,20
494,588
494,336
318,35
318,632
318,20
318,588
318,336
318,232
868,35
868,632
868,20
868,119
868,588
868,336
868,232
755,35
755,954
755,632
755,20
755,588
755,336
34,35
34,954
34,632
34,20
34,588
34,336
83,35
83,954
83,632
83,20
83,588
83,336
238,35
238,954
238,632
238,20
238,119
238,588
238,336
239,35
239,954
239,632
239,20
239,119
239,588
239,336
239,232
1455,35
1455,954
1455,632
1455,20
1455,119
1455,588
1455,336
1455,394
213,35
213,954
213,632
213,20
213,119
213,588
213,336
447,35
447,954
447,632
447,20
447,119
447,588
447,336
447,394
447,35
447,954
447,632
447,20
447,119
447,588
447,336
447,232
1371,35
1371,954
1371,632
1371,20
1371,119
1371,588
1371,336
1371,394
973,35
973,954
973,632
973,20
973,588
973,336
388,954
388,632
388,20
388,119
388,588
388,336
181,954
181,632
181,20
181,119
181,588
181,336
408,954
408,632
408,20
408,119
408,588
408,336
1456,954
1456,632
1456,20
1456,119
1456,588
1456,336
104,35
104,632
104,20
104,991
104,588
104,336
104,232
110,35
110,632
110,20
110,991
110,588
110,336
110,232
69,35
69,632
69,20
69,991
69,588
69,336
69,232
148,35
148,632
148,20
148,991
148,588
148,336
148,232
147,35
147,632
147,20
147,991
147,588
147,336
147,232
158,35
158,632
158,20
158,588
158,336
158,232
1395,35
1395,632
1395,20
1395,991
1395,938
1395,588
1395,336
1395,232
474,35
474,632
474,20
474,938
474,588
474,336
474,232
404,35
404,632
404,20
404,991
404,938
404,588
404,336
404,232
497,35
497,632
497,20
497,938
497,588
497,336
497,232
1289,35
1289,632
1289,20
1289,588
1289,336
1289,232
157,35
157,632
157,20
157,588
157,336
157,232
1370,35
1370,632
1370,20
1370,588
1370,336
1370,232
149,35
149,632
149,20
149,588
149,336
149,232
149,35
149,632
149,20
149,119
149,588
149,336
149,232
615,35
615,632
615,20
615,588
615,336
615,232
128,35
128,632
128,20
128,119
128,588
128,336
128,232
128,394
156,35
156,632
156,20
156,119
156,588
156,336
156,232
616,35
616,632
616,20
616,588
616,336
616,232
448,35
448,632
448,20
448,119
448,588
448,336
448,232
496,35
496,632
496,20
496,119
496,588
496,336
496,232
496,394
683,35
683,632
683,20
683,119
683,588
683,336
683,232
126,35
126,954
126,632
126,20
126,119
126,588
126,336
126,232
154,35
154,954
154,632
154,20
154,119
154,588
154,336
154,394
337,35
337,954
337,632
337,20
337,119
337,336
337,394
652,35
652,632
652,20
652,119
652,588
652,336
652,232
1397,35
1397,632
1397,20
1397,119
1397,938
1397,588
1397,336
1397,232
172,35
172,632
172,20
172,119
172,588
172,336
172,232
172,394
173,35
173,632
173,20
173,119
173,588
173,336
173,232
173,394
155,35
155,954
155,632
155,20
155,119
155,588
155,336
155,394
155,35
155,954
155,632
155,20
155,119
155,588
155,336
155,394
455,35
455,954
455,632
455,20
455,119
455,588
455,336
455,394
146,35
146,954
146,632
146,20
146,119
146,588
146,336
117,35
117,954
117,632
117,20
117,119
117,588
117,336
341,954
341,632
341,20
341,119
341,588
341,336
341,394
315,954
315,632
315,20
315,119
315,588
315,336
315,394
220,954
220,632
220,20
220,119
220,588
220,336
220,394
194,954
194,632
194,119
194,336
194,394
385,954
385,632
385,119
385,336
385,394
222,954
222,632
222,20
222,119
222,588
222,336
222,394
222,35
222,954
222,632
222,20
222,119
222,588
222,336
222,394
475,954
475,632
475,119
475,588
475,336
475,394
234,954
234,632
234,20
234,119
234,588
234,336
234,394
450,954
450,632
450,20
450,119
450,588
450,336
450,394
477,954
477,632
477,119
477,336
477,394
618,253
618,35
618,632
618,20
618,991
618,588
618,336
618,232
1478,35
1478,632
1478,20
1478,991
1478,938
1478,588
1478,336
1478,232
284,35
284,632
284,20
284,991
284,938
284,588
284,336
284,232
97,35
97,632
97,20
97,991
97,938
97,588
97,336
97,232
617,35
617,632
617,20
617,938
617,588
617,336
617,232
582,35
582,632
582,20
582,938
582,588
582,336
582,232
295,35
295,632
295,20
295,991
295,938
295,588
295,336
295,232
171,35
171,632
171,20
171,938
171,588
171,336
171,232
1497,35
1497,632
1497,20
1497,938
1497,588
1497,336
1497,232
145,35
145,632
145,20
145,588
145,336
145,232
281,35
281,632
281,20
281,119
281,938
281,588
281,336
281,232
285,35
285,632
285,20
285,119
285,938
285,588
285,336
285,232
1498,35
1498,632
1498,20
1498,938
1498,588
1498,336
1498,232
619,35
619,632
619,20
619,938
619,588
619,336
619,232
1374,35
1374,632
1374,20
1374,119
1374,938
1374,588
1374,336
1374,232
586,35
586,632
586,20
586,119
586,938
586,588
586,336
586,232
280,35
280,632
280,20
280,119
280,938
280,588
280,336
280,232
280,394
1480,35
1480,632
1480,20
1480,119
1480,938
1480,336
1480,232
620,35
620,632
620,20
620,119
620,938
620,588
620,336
620,232
620,394
546,35
546,632
546,20
546,119
546,938
546,588
546,336
546,394
583,35
583,632
583,20
583,119
583,938
583,588
583,336
583,232
583,394
499,35
499,954
499,632
499,20
499,119
499,938
499,588
499,336
499,394
223,35
223,954
223,632
223,20
223,119
223,588
223,336
223,394
584,35
584,632
584,20
584,119
584,938
584,588
584,336
584,394
585,954
585,632
585,20
585,119
585,938
585,588
585,336
585,394
187,35
187,119
187,938
187,336
187,232
187,394
188,35
188,119
188,938
188,336
188,232
188,394
188,35
188,119
188,938
188,336
188,232
188,394
140,119
140,938
140,336
140,232
140,394
189,632
189,119
189,938
189,336
189,394
1579,632
1579,119
1579,938
1579,336
1579,394
165,632
165,119
165,938
165,336
165,394
